<?xml version="1.0" encoding="UTF-8"?>
<!-- Generated by org.testng.reporters.JUnitXMLReporter -->
<testsuite ignored="24" hostname="IN-FRB1L13" failures="1" tests="22" name="Surefire test" time="391.887" errors="0" timestamp="2022-11-30T18:39:12 IST">
  <testcase classname="tests.BannerTest" name="verify_banner_width" time="94.896"/>
  <testcase classname="tests.ColorSchemeTest" name="verify_color_scheme" time="11.405"/>
  <testcase classname="tests.HelpCenterTest" name="verify_help_center_link" time="21.928">
    <failure type="org.openqa.selenium.ElementNotInteractableException" message="element not interactable
  (Session info: chrome=108.0.5359.72)
Build info: version: &amp;apos;4.3.0&amp;apos;, revision: &amp;apos;a4995e2c09*&amp;apos;
System info: host: &amp;apos;IN-FRB1L13&amp;apos;, ip: &amp;apos;192.168.29.108&amp;apos;, os.name: &amp;apos;Windows 10&amp;apos;, os.arch: &amp;apos;amd64&amp;apos;, os.version: &amp;apos;10.0&amp;apos;, java.version: &amp;apos;11.0.1&amp;apos;
Driver info: org.openqa.selenium.chrome.ChromeDriver
Command: [0ec0010f987118501c5f87640a8c02af, clickElement {id=4f5d3e91-72dc-47fc-bf47-95008ca0b7b0}]
Capabilities {acceptInsecureCerts: false, browserName: chrome, browserVersion: 108.0.5359.72, chrome: {chromedriverVersion: 107.0.5304.62 (1eec40d3a576..., userDataDir: C:\Users\RUPAMD~1\AppData\L...}, goog:chromeOptions: {debuggerAddress: localhost:63788}, networkConnectionEnabled: false, pageLoadStrategy: normal, platformName: WINDOWS, proxy: Proxy(), se:cdp: ws://localhost:63788/devtoo..., se:cdpVersion: 108.0.5359.72, setWindowRect: true, strictFileInteractability: false, timeouts: {implicit: 0, pageLoad: 300000, script: 30000}, unhandledPromptBehavior: dismiss and notify, webauthn:extension:credBlob: true, webauthn:extension:largeBlob: true, webauthn:virtualAuthenticators: true}
Element: [[ChromeDriver: chrome on WINDOWS (0ec0010f987118501c5f87640a8c02af)] -&amp;gt; xpath: //*[@id=&amp;quot;container&amp;quot;]/div/footer/div/div[3]/div[2]/div/div[4]/a/span]
Session ID: 0ec0010f987118501c5f87640a8c02af">
      <![CDATA[org.openqa.selenium.ElementNotInteractableException: element not interactable
  (Session info: chrome=108.0.5359.72)
Build info: version: '4.3.0', revision: 'a4995e2c09*'
System info: host: 'IN-FRB1L13', ip: '192.168.29.108', os.name: 'Windows 10', os.arch: 'amd64', os.version: '10.0', java.version: '11.0.1'
Driver info: org.openqa.selenium.chrome.ChromeDriver
Command: [0ec0010f987118501c5f87640a8c02af, clickElement {id=4f5d3e91-72dc-47fc-bf47-95008ca0b7b0}]
Capabilities {acceptInsecureCerts: false, browserName: chrome, browserVersion: 108.0.5359.72, chrome: {chromedriverVersion: 107.0.5304.62 (1eec40d3a576..., userDataDir: C:\Users\RUPAMD~1\AppData\L...}, goog:chromeOptions: {debuggerAddress: localhost:63788}, networkConnectionEnabled: false, pageLoadStrategy: normal, platformName: WINDOWS, proxy: Proxy(), se:cdp: ws://localhost:63788/devtoo..., se:cdpVersion: 108.0.5359.72, setWindowRect: true, strictFileInteractability: false, timeouts: {implicit: 0, pageLoad: 300000, script: 30000}, unhandledPromptBehavior: dismiss and notify, webauthn:extension:credBlob: true, webauthn:extension:largeBlob: true, webauthn:virtualAuthenticators: true}
Element: [[ChromeDriver: chrome on WINDOWS (0ec0010f987118501c5f87640a8c02af)] -> xpath: //*[@id="container"]/div/footer/div/div[3]/div[2]/div/div[4]/a/span]
Session ID: 0ec0010f987118501c5f87640a8c02af
at org.openqa.selenium.remote.codec.w3c.W3CHttpResponseCodec.createException(W3CHttpResponseCodec.java:200)
at org.openqa.selenium.remote.codec.w3c.W3CHttpResponseCodec.decode(W3CHttpResponseCodec.java:133)
at org.openqa.selenium.remote.codec.w3c.W3CHttpResponseCodec.decode(W3CHttpResponseCodec.java:53)
at org.openqa.selenium.remote.HttpCommandExecutor.execute(HttpCommandExecutor.java:184)
at org.openqa.selenium.remote.service.DriverCommandExecutor.invokeExecute(DriverCommandExecutor.java:167)
at org.openqa.selenium.remote.service.DriverCommandExecutor.execute(DriverCommandExecutor.java:142)
at org.openqa.selenium.remote.RemoteWebDriver.execute(RemoteWebDriver.java:569)
at org.openqa.selenium.remote.RemoteWebElement.execute(RemoteWebElement.java:257)
at org.openqa.selenium.remote.RemoteWebElement.click(RemoteWebElement.java:78)
at tests.HelpCenterTest.verify_help_center_link(HelpCenterTest.java:29)
at java.base/java.util.ArrayList.forEach(ArrayList.java:1540)
... Removed 36 stack frames]]>
    </failure>
  </testcase> <!-- verify_help_center_link -->
  <testcase classname="tests.LoginTest" name="validate_login" time="11.74"/>
  <testcase classname="tests.LoginTest" name="validate_login" time="21.442"/>
  <testcase classname="tests.LoginTest" name="validate_login" time="21.422"/>
  <testcase classname="tests.LoginTest" name="validate_login" time="21.513"/>
  <testcase classname="tests.LogoTest" name="verify_logo_text" time="11.376"/>
  <testcase classname="tests.LogoTest" name="verify_flipkart_plus" time="11.092"/>
  <testcase classname="tests.NavigationsTest" name="verify_grocery_link" time="11.173"/>
  <testcase classname="tests.NavigationsTest" name="verify_mobile_link" time="11.202"/>
  <testcase classname="tests.NavigationsTest" name="verify_appliance_link" time="11.145"/>
  <testcase classname="tests.NavigationsTest" name="verify_travel_link" time="11.221"/>
  <testcase classname="tests.NavigationsTest" name="verify_top_offers_link" time="20.032"/>
  <testcase classname="tests.NavigationsTest" name="verify_two_wheelers_link" time="11.341"/>
  <testcase classname="tests.SearchTest" name="verify_product_search_using_click" time="11.499"/>
  <testcase classname="tests.SearchTest" name="verify_product_search_using_click" time="11.336"/>
  <testcase classname="tests.SearchTest" name="verify_product_search_using_keyPress" time="11.285"/>
  <testcase classname="tests.SearchTest" name="verify_product_search_using_keyPress" time="11.337"/>
  <testcase classname="tests.SearchTest" name="verify_search_bar_placeholder" time="11.053"/>
  <testcase classname="tests.SellerHubTest" name="verify_seller_hub_link" time="16.746"/>
  <testcase classname="tests.SellerHubTest" name="verify_spokeperson_name_on_sellerhub" time="14.062"/>
  <testcase classname="tests.BaseTest" name="@BeforeTest testStart" time="0.0">
    <ignored/>
  </testcase> <!-- @BeforeTest testStart -->
  <testcase classname="tests.BaseTest" name="@AfterSuite destroy" time="0.0">
    <ignored/>
  </testcase> <!-- @AfterSuite destroy -->
  <testcase classname="tests.BaseTest" name="@BeforeTest testStart" time="0.0">
    <ignored/>
  </testcase> <!-- @BeforeTest testStart -->
  <testcase classname="tests.BaseTest" name="@BeforeTest testStart" time="0.0">
    <ignored/>
  </testcase> <!-- @BeforeTest testStart -->
  <testcase classname="tests.BaseTest" name="@BeforeSuite testSetup" time="0.0">
    <ignored/>
  </testcase> <!-- @BeforeSuite testSetup -->
  <testcase classname="tests.BaseTest" name="@BeforeSuite testSetup" time="0.0">
    <ignored/>
  </testcase> <!-- @BeforeSuite testSetup -->
  <testcase classname="tests.BaseTest" name="@BeforeSuite testSetup" time="0.0">
    <ignored/>
  </testcase> <!-- @BeforeSuite testSetup -->
  <testcase classname="tests.BaseTest" name="@AfterSuite destroy" time="0.0">
    <ignored/>
  </testcase> <!-- @AfterSuite destroy -->
  <testcase classname="tests.BaseTest" name="@BeforeTest testStart" time="0.0">
    <ignored/>
  </testcase> <!-- @BeforeTest testStart -->
  <testcase classname="tests.BaseTest" name="@AfterSuite destroy" time="0.0">
    <ignored/>
  </testcase> <!-- @AfterSuite destroy -->
  <testcase classname="tests.BaseTest" name="@BeforeSuite testSetup" time="0.0">
    <ignored/>
  </testcase> <!-- @BeforeSuite testSetup -->
  <testcase classname="tests.BaseTest" name="@BeforeTest testStart" time="0.0">
    <ignored/>
  </testcase> <!-- @BeforeTest testStart -->
  <testcase classname="tests.BaseTest" name="@AfterSuite destroy" time="0.0">
    <ignored/>
  </testcase> <!-- @AfterSuite destroy -->
  <testcase classname="tests.BaseTest" name="@AfterSuite destroy" time="0.0">
    <ignored/>
  </testcase> <!-- @AfterSuite destroy -->
  <testcase classname="tests.BaseTest" name="@AfterSuite destroy" time="0.0">
    <ignored/>
  </testcase> <!-- @AfterSuite destroy -->
  <testcase classname="tests.BaseTest" name="@BeforeSuite testSetup" time="0.0">
    <ignored/>
  </testcase> <!-- @BeforeSuite testSetup -->
  <testcase classname="tests.BaseTest" name="@BeforeSuite testSetup" time="0.0">
    <ignored/>
  </testcase> <!-- @BeforeSuite testSetup -->
  <testcase classname="tests.BaseTest" name="@BeforeTest testStart" time="0.0">
    <ignored/>
  </testcase> <!-- @BeforeTest testStart -->
  <testcase classname="tests.BaseTest" name="@AfterSuite destroy" time="0.0">
    <ignored/>
  </testcase> <!-- @AfterSuite destroy -->
  <testcase classname="tests.BaseTest" name="@AfterSuite destroy" time="0.0">
    <ignored/>
  </testcase> <!-- @AfterSuite destroy -->
  <testcase classname="tests.BaseTest" name="@BeforeTest testStart" time="0.0">
    <ignored/>
  </testcase> <!-- @BeforeTest testStart -->
  <testcase classname="tests.BaseTest" name="@BeforeSuite testSetup" time="0.0">
    <ignored/>
  </testcase> <!-- @BeforeSuite testSetup -->
  <testcase classname="tests.BaseTest" name="@BeforeSuite testSetup" time="0.0">
    <ignored/>
  </testcase> <!-- @BeforeSuite testSetup -->
  <testcase classname="tests.BaseTest" name="@BeforeTest testStart" time="0.0">
    <ignored/>
  </testcase> <!-- @BeforeTest testStart -->
</testsuite> <!-- Surefire test -->
